# JRE version: OpenJDK Runtime Environment Corretto-16.0.2.7.1 (16.0.2+7) (build 16.0.2+7)
# Java VM: OpenJDK 64-Bit Server VM Corretto-16.0.2.7.1 (16.0.2+7, mixed mode, sharing, tiered, compressed oops, compressed class ptrs, g1 gc, windows-amd64)
GC Precious Log:
 CPUs: 4 total, 4 available
 Memory: 8127M
 Large Page Support: Disabled
 NUMA Support: Disabled
 Compressed Oops: Enabled (32-bit)
 Heap Region Size: 1M
 Heap Min Capacity: 8M
 Heap Initial Capacity: 128M
 Heap Max Capacity: 2G
 Pre-touch: Disabled
 Parallel Workers: 4
 Concurrent Workers: 1
 Concurrent Refinement Workers: 4
 Periodic GC: Disabled
Heap:
 garbage-first heap   total 206848K, used 162868K [0x0000000080000000, 0x0000000100000000)
  region size 1024K, 44 young (45056K), 0 survivors (0K)
 Metaspace       used 80762K, committed 81472K, reserved 1122304K
  class space    used 10668K, committed 11008K, reserved 1048576K
GC Heap History (20 events):
Event: 22.673 GC heap before
{Heap before GC invocations=38 (full 0):
 garbage-first heap   total 106496K, used 87159K [0x0000000080000000, 0x0000000100000000)
  region size 1024K, 27 young (27648K), 3 survivors (3072K)
 Metaspace       used 66919K, committed 67584K, reserved 1114112K
  class space    used 9048K, committed 9344K, reserved 1048576K
}
Event: 22.680 GC heap after
{Heap after GC invocations=39 (full 0):
 garbage-first heap   total 128000K, used 64007K [0x0000000080000000, 0x0000000100000000)
  region size 1024K, 2 young (2048K), 2 survivors (2048K)
 Metaspace       used 66919K, committed 67584K, reserved 1114112K
  class space    used 9048K, committed 9344K, reserved 1048576K
}
Event: 23.603 GC heap before
{Heap before GC invocations=40 (full 0):
 garbage-first heap   total 128000K, used 105991K [0x0000000080000000, 0x0000000100000000)
  region size 1024K, 43 young (44032K), 2 survivors (2048K)
 Metaspace       used 70688K, committed 71360K, reserved 1114112K
  class space    used 9494K, committed 9792K, reserved 1048576K
}
Event: 23.610 GC heap after
{Heap after GC invocations=41 (full 0):
 garbage-first heap   total 128000K, used 67584K [0x0000000080000000, 0x0000000100000000)
  region size 1024K, 5 young (5120K), 5 survivors (5120K)
 Metaspace       used 70688K, committed 71360K, reserved 1114112K
  class space    used 9494K, committed 9792K, reserved 1048576K
}
Event: 25.760 GC heap before
{Heap before GC invocations=41 (full 0):
 garbage-first heap   total 128000K, used 105472K [0x0000000080000000, 0x0000000100000000)
  region size 1024K, 42 young (43008K), 5 survivors (5120K)
 Metaspace       used 71157K, committed 71808K, reserved 1114112K
  class space    used 9552K, committed 9856K, reserved 1048576K
}
Event: 25.768 GC heap after
{Heap after GC invocations=42 (full 0):
 garbage-first heap   total 128000K, used 74250K [0x0000000080000000, 0x0000000100000000)
  region size 1024K, 6 young (6144K), 6 survivors (6144K)
 Metaspace       used 71157K, committed 71808K, reserved 1114112K
  class space    used 9552K, committed 9856K, reserved 1048576K
}
Event: 29.456 GC heap before
{Heap before GC invocations=43 (full 0):
 garbage-first heap   total 130048K, used 102922K [0x0000000080000000, 0x0000000100000000)
  region size 1024K, 35 young (35840K), 6 survivors (6144K)
 Metaspace       used 73724K, committed 74304K, reserved 1114112K
  class space    used 9955K, committed 10240K, reserved 1048576K
}
Event: 29.471 GC heap after
{Heap after GC invocations=44 (full 0):
 garbage-first heap   total 130048K, used 78209K [0x0000000080000000, 0x0000000100000000)
  region size 1024K, 4 young (4096K), 4 survivors (4096K)
 Metaspace       used 73724K, committed 74304K, reserved 1114112K
  class space    used 9955K, committed 10240K, reserved 1048576K
}
Event: 31.472 GC heap before
{Heap before GC invocations=44 (full 0):
 garbage-first heap   total 130048K, used 104833K [0x0000000080000000, 0x0000000100000000)
  region size 1024K, 31 young (31744K), 4 survivors (4096K)
 Metaspace       used 73970K, committed 74560K, reserved 1114112K
  class space    used 9959K, committed 10240K, reserved 1048576K
}
Event: 31.479 GC heap after
{Heap after GC invocations=45 (full 0):
 garbage-first heap   total 130048K, used 79685K [0x0000000080000000, 0x0000000100000000)
  region size 1024K, 2 young (2048K), 2 survivors (2048K)
 Metaspace       used 73970K, committed 74560K, reserved 1114112K
  class space    used 9959K, committed 10240K, reserved 1048576K
}
Event: 38.197 GC heap before
{Heap before GC invocations=46 (full 0):
 garbage-first heap   total 140288K, used 106309K [0x0000000080000000, 0x0000000100000000)
  region size 1024K, 29 young (29696K), 2 survivors (2048K)
 Metaspace       used 74265K, committed 74944K, reserved 1114112K
  class space    used 9982K, committed 10304K, reserved 1048576K
}
Event: 38.201 GC heap after
{Heap after GC invocations=47 (full 0):
 garbage-first heap   total 140288K, used 81476K [0x0000000080000000, 0x0000000100000000)
  region size 1024K, 4 young (4096K), 4 survivors (4096K)
 Metaspace       used 74265K, committed 74944K, reserved 1114112K
  class space    used 9982K, committed 10304K, reserved 1048576K
}
Event: 64.075 GC heap before
{Heap before GC invocations=47 (full 0):
 garbage-first heap   total 140288K, used 107076K [0x0000000080000000, 0x0000000100000000)
  region size 1024K, 31 young (31744K), 4 survivors (4096K)
 Metaspace       used 75813K, committed 76480K, reserved 1122304K
  class space    used 10142K, committed 10432K, reserved 1048576K
}
Event: 64.355 GC heap after
{Heap after GC invocations=48 (full 0):
 garbage-first heap   total 140288K, used 83331K [0x0000000080000000, 0x0000000100000000)
  region size 1024K, 4 young (4096K), 4 survivors (4096K)
 Metaspace       used 75813K, committed 76480K, reserved 1122304K
  class space    used 10142K, committed 10432K, reserved 1048576K
}
Event: 74.344 GC heap before
{Heap before GC invocations=49 (full 0):
 garbage-first heap   total 145408K, used 118147K [0x0000000080000000, 0x0000000100000000)
  region size 1024K, 36 young (36864K), 4 survivors (4096K)
 Metaspace       used 78186K, committed 78848K, reserved 1122304K
  class space    used 10425K, committed 10752K, reserved 1048576K
}
Event: 74.381 GC heap after
{Heap after GC invocations=50 (full 0):
 garbage-first heap   total 145408K, used 99051K [0x0000000080000000, 0x0000000100000000)
  region size 1024K, 5 young (5120K), 5 survivors (5120K)
 Metaspace       used 78186K, committed 78848K, reserved 1122304K
  class space    used 10425K, committed 10752K, reserved 1048576K
}
Event: 76.503 GC heap before
{Heap before GC invocations=50 (full 0):
 garbage-first heap   total 145408K, used 114411K [0x0000000080000000, 0x0000000100000000)
  region size 1024K, 22 young (22528K), 5 survivors (5120K)
 Metaspace       used 78447K, committed 79168K, reserved 1122304K
  class space    used 10444K, committed 10816K, reserved 1048576K
}
Event: 76.543 GC heap after
{Heap after GC invocations=51 (full 0):
 garbage-first heap   total 145408K, used 108544K [0x0000000080000000, 0x0000000100000000)
  region size 1024K, 3 young (3072K), 3 survivors (3072K)
 Metaspace       used 78447K, committed 79168K, reserved 1122304K
  class space    used 10444K, committed 10816K, reserved 1048576K
}
Event: 77.128 GC heap before
{Heap before GC invocations=52 (full 0):
 garbage-first heap   total 206848K, used 122880K [0x0000000080000000, 0x0000000100000000)
  region size 1024K, 5 young (5120K), 3 survivors (3072K)
 Metaspace       used 78461K, committed 79168K, reserved 1122304K
  class space    used 10446K, committed 10816K, reserved 1048576K
}
Event: 77.134 GC heap after
{Heap after GC invocations=53 (full 0):
 garbage-first heap   total 206848K, used 113716K [0x0000000080000000, 0x0000000100000000)
  region size 1024K, 1 young (1024K), 1 survivors (1024K)
 Metaspace       used 78461K, committed 79168K, reserved 1122304K
  class space    used 10446K, committed 10816K, reserved 1048576K
}

